<?xml version="1.0" encoding="UTF-8"?>
<testsuite name="lab1.NeedlemanWunschTest" tests="1" skipped="0" failures="0" errors="0" timestamp="2022-09-25T11:38:26" hostname="yulia-Latitude-5420" time="0.024">
  <properties/>
  <testcase name="test2()" classname="lab1.NeedlemanWunschTest" time="0.024"/>
  <system-out><![CDATA[]]></system-out>
  <system-err><![CDATA[]]></system-err>
</testsuite>
